


ARM Macro Assembler    Page 1 


    1 00000000                 PRESERVE8
    2 00000000                 THUMB
    3 00000000                 AREA             appcode, CODE, READONLY
    4 00000000                 EXPORT           __main
    5 00000000                 ENTRY
    6 00000000         __main  FUNCTION
    7 00000000 F04F 010E       MOV              r1,#14
    8 00000004 F04F 0202       MOV              r2,#2
    9 00000008 FBB1 F3F2       udiv             r3,r1,r2
   10 0000000C FB03 1412       mls              r4,r3,r2,r1
   11 00000010 2C00            cmp              r4,#0
   12 00000012 BFCC            ITE              GT
   13 00000014 240D            MOVGT            r4,#13
   14 00000016 240E            MOVLE            r4,#14
   15 00000018 E7FE    stop    B                stop        ; stop program
   16 0000001A                 ENDFUNC
   17 0000001A                 END
Command Line: --debug --xref --diag_suppress=9931 --cpu=Cortex-M4.fp --apcs=int
erwork --depend=.\objects\final.d -o.\objects\final.o -I.\RTE\_Target_1 -IC:\Us
ers\User\Desktop\ARM\CMSIS\5.0.1\CMSIS\Include -IC:\Users\User\Desktop\ARM\CMSI
S\5.0.1\Device\ARM\ARMCM4\Include --predefine="__EVAL SETA 1" --predefine="__UV
ISION_VERSION SETA 524" --predefine="_RTE_ SETA 1" --predefine="ARMCM4_FP SETA 
1" --list=.\listings\final.lst final.s



ARM Macro Assembler    Page 1 Alphabetic symbol ordering
Relocatable symbols

__main 00000000

Symbol: __main
   Definitions
      At line 6 in file final.s
   Uses
      At line 4 in file final.s
Comment: __main used once
appcode 00000000

Symbol: appcode
   Definitions
      At line 3 in file final.s
   Uses
      None
Comment: appcode unused
stop 00000018

Symbol: stop
   Definitions
      At line 15 in file final.s
   Uses
      At line 15 in file final.s
Comment: stop used once
3 symbols
338 symbols in table
