


ARM Macro Assembler    Page 1 


    1 00000000                 PRESERVE8
    2 00000000                 THUMB
    3 00000000                 AREA             appcode, CODE, READONLY
    4 00000000                 EXPORT           __main
    5 00000000                 ENTRY
    6 00000000         __main  FUNCTION
    7 00000000 F04F 011C       MOV              r1,#28
    8 00000004 F04F 0215       MOV              r2,#21
    9 00000008 4291    loop    CMP              r1,r2
   10 0000000A BFC8 1A89       SUBGT            r1,r1,r2
   11 0000000E 460B            MOV              r3,r1
   12 00000010 BFB8 1A52       SUBLT            r2,r2,r1
   13 00000014 460B            MOV              r3,r1
   14 00000016 D1F7            BNE              loop
   15 00000018 E7FE    stop    B                stop        ; stop program
   16 0000001A                 ENDFUNC
   17 0000001A                 END
Command Line: --debug --xref --diag_suppress=9931 --cpu=Cortex-M4.fp --apcs=int
erwork --depend=.\objects\final.d -o.\objects\final.o -I.\RTE\_Target_1 -IC:\Us
ers\User\Desktop\ARM\CMSIS\5.0.1\CMSIS\Include -IC:\Users\User\Desktop\ARM\CMSI
S\5.0.1\Device\ARM\ARMCM4\Include --predefine="__EVAL SETA 1" --predefine="__UV
ISION_VERSION SETA 524" --predefine="_RTE_ SETA 1" --predefine="ARMCM4_FP SETA 
1" --list=.\listings\final.lst final.s



ARM Macro Assembler    Page 1 Alphabetic symbol ordering
Relocatable symbols

__main 00000000

Symbol: __main
   Definitions
      At line 6 in file final.s
   Uses
      At line 4 in file final.s
Comment: __main used once
appcode 00000000

Symbol: appcode
   Definitions
      At line 3 in file final.s
   Uses
      None
Comment: appcode unused
loop 00000008

Symbol: loop
   Definitions
      At line 9 in file final.s
   Uses
      At line 14 in file final.s
Comment: loop used once
stop 00000018

Symbol: stop
   Definitions
      At line 15 in file final.s
   Uses
      At line 15 in file final.s
Comment: stop used once
4 symbols
339 symbols in table
