


ARM Macro Assembler    Page 1 


    1 00000000                 PRESERVE8
    2 00000000                 THUMB
    3 00000000                 AREA             appcode, CODE, READONLY
    4 00000000                 EXPORT           __main
    5 00000000                 ENTRY
    6 00000000         __main  FUNCTION
    7 00000000 F04F 0100       MOV              r1,#0
    8 00000004 F04F 0201       MOV              r2,#1
    9 00000008 F04F 040A       MOV              r4,#10
   10 0000000C F04F 5500       MOV              r5,#0x20000000
   11 00000010 2C01    loop    CMP              r4,#1
   12 00000012 188B            ADDS             r3,r1,r2
   13 00000014 4611            MOV              r1,r2
   14 00000016 461A            MOV              r2,r3
   15 00000018 BFC8 1E64       SUBGT            r4,r4,#1
   16 0000001C 602B            STR              r3,[r5]
   17 0000001E F105 0504       ADD              r5,r5,#4
   18 00000022 DCF5            BGT              loop
   19 00000024 E7FE    stop    B                stop        ; stop program
   20 00000026                 ENDFUNC
   21 00000026                 END
Command Line: --debug --xref --diag_suppress=9931 --cpu=Cortex-M4.fp --apcs=int
erwork --depend=.\objects\final.d -o.\objects\final.o -I.\RTE\_Target_1 -IC:\Us
ers\User\Desktop\ARM\CMSIS\5.0.1\CMSIS\Include -IC:\Users\User\Desktop\ARM\CMSI
S\5.0.1\Device\ARM\ARMCM4\Include --predefine="__EVAL SETA 1" --predefine="__UV
ISION_VERSION SETA 524" --predefine="_RTE_ SETA 1" --predefine="ARMCM4_FP SETA 
1" --list=.\listings\final.lst final.s



ARM Macro Assembler    Page 1 Alphabetic symbol ordering
Relocatable symbols

__main 00000000

Symbol: __main
   Definitions
      At line 6 in file final.s
   Uses
      At line 4 in file final.s
Comment: __main used once
appcode 00000000

Symbol: appcode
   Definitions
      At line 3 in file final.s
   Uses
      None
Comment: appcode unused
loop 00000010

Symbol: loop
   Definitions
      At line 11 in file final.s
   Uses
      At line 18 in file final.s
Comment: loop used once
stop 00000024

Symbol: stop
   Definitions
      At line 19 in file final.s
   Uses
      At line 19 in file final.s
Comment: stop used once
4 symbols
339 symbols in table
